2017-08-06 | /less2/index.php | http://lessonsphp2016.local:81/less2/index.php?id=about
2017-08-06 | /less2/index.php?id=contact | http://lessonsphp2016.local:81/less2/index.php
2017-08-06 | /less2/index.php?id=about | http://lessonsphp2016.local:81/less2/index.php?id=contact
2017-08-06 | /less2/index.php | http://lessonsphp2016.local:81/less2/index.php?id=about
2017-08-06 | /less2/index.php?id=contact | http://lessonsphp2016.local:81/less2/index.php
2017-08-06 | /less2/index.php?id=about | http://lessonsphp2016.local:81/less2/index.php?id=contact
2017-08-06 | /less2/index.php?id=log | http://lessonsphp2016.local:81/less2/index.php?id=about
2017-08-06 | /less2/index.php?id=log | http://lessonsphp2016.local:81/less2/index.php?id=log
2017-08-06 | /less2/index.php?id=log | http://lessonsphp2016.local:81/less2/index.php?id=log
2017-08-06 | /less2/index.php?id=log | http://lessonsphp2016.local:81/less2/index.php?id=log
2017-08-06 | /less2/index.php?id=log | http://lessonsphp2016.local:81/less2/index.php?id=log
2017-08-06 | /less2/index.php?id=log | http://lessonsphp2016.local:81/less2/index.php?id=log
2017-08-06 | /less2/index.php?id=log | http://lessonsphp2016.local:81/less2/index.php?id=log
2017-08-06 | /less2/index.php | http://lessonsphp2016.local:81/less2/index.php?id=log
2017-08-08 | /less2/index.php?id=gbook | http://lessonsphp2016.local:81/less2/index.php
2017-08-08 | /less2/index.php?id=gbook | http://lessonsphp2016.local:81/less2/index.php
2017-08-08 | /less2/index.php?id=gbook | http://lessonsphp2016.local:81/less2/index.php?id=gbook
2017-08-08 | /less2/index.php?id=gbook | http://lessonsphp2016.local:81/less2/index.php?id=gbook
2017-08-08 | /less2/index.php?id=gbook | http://lessonsphp2016.local:81/less2/index.php?id=gbook
2017-08-08 | /less2/index.php?id=gbook | http://lessonsphp2016.local:81/less2/index.php?id=gbook
2017-08-08 | /less2/index.php?id=gbook | http://lessonsphp2016.local:81/less2/index.php?id=gbook
2017-08-08 | /less2/index.php?id=gbook | http://lessonsphp2016.local:81/less2/index.php?id=gbook
2017-08-08 | /less2/index.php?id=gbook | http://lessonsphp2016.local:81/less2/index.php?id=gbook
2017-08-08 | /less2/index.php?id=gbook | http://lessonsphp2016.local:81/less2/index.php?id=gbook
2017-08-09 | /less2/index.php?id=gbook | http://lessonsphp2016.local:81/less2/index.php?id=gbook
2017-08-09 | /less2/index.php?id=gbook | http://lessonsphp2016.local:81/less2/index.php?id=gbook
2017-08-09 | /less2/index.php?id=gbook | http://lessonsphp2016.local:81/less2/index.php?id=gbook
2017-08-09 | /less2/index.php?id=gbook | http://lessonsphp2016.local:81/less2/index.php?id=gbook
2017-08-09 | /less2/index.php?id=gbook | http://lessonsphp2016.local:81/less2/index.php?id=gbook
2017-08-09 | /less2/index.php?id=gbook | http://lessonsphp2016.local:81/less2/index.php?id=gbook
2017-08-09 | /less2/index.php?id=gbook | http://lessonsphp2016.local:81/less2/index.php?id=gbook
2017-08-09 | /less2/index.php?id=gbook | http://lessonsphp2016.local:81/less2/index.php?id=gbook
2017-08-09 | /less2/index.php?id=gbook | http://lessonsphp2016.local:81/less2/index.php?id=gbook
2017-08-09 | /less2/index.php?id=gbook | http://lessonsphp2016.local:81/less2/index.php?id=gbook
2017-08-09 | /less2/index.php?id=gbook | http://lessonsphp2016.local:81/less2/index.php?id=gbook
2017-08-09 | /less2/index.php?id=gbook | http://lessonsphp2016.local:81/less2/index.php?id=gbook
2017-08-09 | /less2/index.php?id=gbook | http://lessonsphp2016.local:81/less2/index.php?id=gbook
2017-08-09 | /less2/index.php?id=gbook | http://lessonsphp2016.local:81/less2/index.php?id=gbook
2017-08-09 | /less2/index.php?id=gbook | http://lessonsphp2016.local:81/less2/index.php?id=gbook
2017-08-09 | /less2/index.php?id=gbook | http://lessonsphp2016.local:81/less2/index.php?id=gbook
2017-08-09 | /less2/index.php?id=gbook | http://lessonsphp2016.local:81/less2/index.php?id=gbook
2017-08-09 | /less2/index.php?id=gbook | http://lessonsphp2016.local:81/less2/index.php?id=gbook
2017-08-09 | /less2/index.php?id=gbook | http://lessonsphp2016.local:81/less2/index.php?id=gbook
2017-08-09 | /less2/index.php?id=gbook | http://lessonsphp2016.local:81/less2/index.php?id=gbook
2017-08-09 | /less2/index.php?id=gbook | http://lessonsphp2016.local:81/less2/index.php?id=gbook
2017-08-09 | /less2/index.php?id=gbook | http://lessonsphp2016.local:81/less2/index.php?id=gbook
2017-08-09 | /less2/index.php?id=gbook | http://lessonsphp2016.local:81/less2/index.php?id=gbook
2017-08-09 | /less2/index.php?id=gbook | http://lessonsphp2016.local:81/less2/index.php?id=gbook
2017-08-09 | /less2/index.php?id=gbook | http://lessonsphp2016.local:81/less2/index.php?id=gbook
2017-08-09 | /less2/index.php?id=gbook | http://lessonsphp2016.local:81/less2/index.php?id=gbook
2017-08-09 | /less2/index.php?id=gbook | http://lessonsphp2016.local:81/less2/index.php?id=gbook
2017-08-09 | /less2/index.php?id=gbook | http://lessonsphp2016.local:81/less2/index.php?id=gbook
2017-08-09 | /less2/index.php?id=gbook | http://lessonsphp2016.local:81/less2/index.php?id=gbook
2017-08-09 | /less2/index.php?id=gbook | http://lessonsphp2016.local:81/less2/index.php?id=gbook
2017-08-09 | /less2/index.php?id=gbook | http://lessonsphp2016.local:81/less2/index.php?id=gbook
2017-08-09 | /less2/index.php?id=gbook | http://lessonsphp2016.local:81/less2/index.php?id=gbook
2017-08-09 | /less2/index.php?id=gbook | http://lessonsphp2016.local:81/less2/index.php?id=gbook
2017-08-09 | /less2/index.php?id=gbook | http://lessonsphp2016.local:81/less2/index.php?id=gbook
2017-08-09 | /less2/index.php?id=gbook | http://lessonsphp2016.local:81/less2/index.php?id=gbook
2017-08-09 | /less2/index.php?id=gbook | http://lessonsphp2016.local:81/less2/index.php?id=gbook
2017-08-09 | /less2/index.php?id=log | http://lessonsphp2016.local:81/less2/index.php?id=gbook
2017-08-09 | /less2/index.php?id=gbook | http://lessonsphp2016.local:81/less2/index.php?id=log
2017-08-09 | /less2/index.php?id=gbook | http://lessonsphp2016.local:81/less2/index.php?id=log
2017-08-09 | /less2/index.php?id=gbook | http://lessonsphp2016.local:81/less2/index.php?id=log
2017-08-09 | /less2/index.php?id=gbook | http://lessonsphp2016.local:81/less2/index.php?id=log
2017-08-09 | /less2/index.php?id=gbook | http://lessonsphp2016.local:81/less2/index.php?id=log
2017-08-09 | /less2/index.php?id=gbook | http://lessonsphp2016.local:81/less2/index.php?id=log
2017-08-09 | /less2/index.php?id=gbook | http://lessonsphp2016.local:81/less2/index.php?id=log
2017-08-09 | /less2/index.php?id=gbook | http://lessonsphp2016.local:81/less2/index.php?id=log
2017-08-09 | /less2/index.php?id=gbook | http://lessonsphp2016.local:81/less2/index.php?id=log
2017-08-09 | /less2/index.php?id=gbook | http://lessonsphp2016.local:81/less2/index.php?id=gbook
2017-08-09 | /less2/index.php?id=gbook | http://lessonsphp2016.local:81/less2/index.php?id=gbook
2017-08-09 | /less2/index.php?id=gbook | http://lessonsphp2016.local:81/less2/index.php?id=gbook
2017-08-09 | /less2/index.php?id=gbook | http://lessonsphp2016.local:81/less2/index.php?id=gbook
2017-08-09 | /less2/index.php?id=gbook | http://lessonsphp2016.local:81/less2/index.php?id=gbook
2017-08-09 | /less2/index.php?id=gbook | http://lessonsphp2016.local:81/less2/index.php?id=gbook
2017-08-09 | /less2/index.php?id=gbook | http://lessonsphp2016.local:81/less2/index.php?id=gbook
2017-08-09 | /less2/index.php?id=gbook | http://lessonsphp2016.local:81/less2/index.php?id=gbook
2017-08-09 | /less2/index.php?id=gbook | http://lessonsphp2016.local:81/less2/index.php?id=gbook
2017-08-09 | /less2/index.php?id=gbook | http://lessonsphp2016.local:81/less2/index.php?id=gbook
2017-08-09 | /less2/index.php?id=gbook | http://lessonsphp2016.local:81/less2/index.php?id=gbook
2017-08-09 | /less2/index.php?id=gbook | http://lessonsphp2016.local:81/less2/index.php?id=gbook
2017-08-09 | /less2/index.php?id=gbook | http://lessonsphp2016.local:81/less2/index.php?id=gbook
2017-08-09 | /less2/index.php?id=gbook | http://lessonsphp2016.local:81/less2/index.php?id=gbook
2017-08-09 | /less2/index.php?id=gbook | http://lessonsphp2016.local:81/less2/index.php?id=gbook
2017-08-09 | /less2/index.php?id=gbook | http://lessonsphp2016.local:81/less2/index.php?id=gbook
2017-08-09 | /less2/index.php?id=gbook | http://lessonsphp2016.local:81/less2/index.php?id=gbook
2017-08-09 | /less2/index.php?id=gbook | http://lessonsphp2016.local:81/less2/index.php?id=gbook
2017-08-09 | /less2/index.php?id=gbook | http://lessonsphp2016.local:81/less2/index.php?id=gbook
2017-08-09 | /less2/index.php?id=gbook | http://lessonsphp2016.local:81/less2/index.php?id=gbook
2017-08-09 | /less2/index.php?id=gbook | http://lessonsphp2016.local:81/less2/index.php?id=gbook
2017-08-09 | /less2/index.php?id=gbook | http://lessonsphp2016.local:81/less2/index.php?id=gbook
2017-08-09 | /less2/index.php?id=gbook | http://lessonsphp2016.local:81/less2/index.php?id=gbook
2017-08-09 | /less2/index.php?id=gbook | http://lessonsphp2016.local:81/less2/index.php?id=gbook
2017-08-09 | /less2/index.php?id=gbook | http://lessonsphp2016.local:81/less2/index.php?id=gbook
2017-08-09 | /less2/index.php?id=gbook | http://lessonsphp2016.local:81/less2/index.php?id=gbook
2017-08-09 | /less2/index.php?id=contact | http://lessonsphp2016.local:81/less2/index.php?id=gbook
2017-08-09 | /less2/index.php?id=gbook | http://lessonsphp2016.local:81/less2/index.php?id=contact
2017-08-09 | /less2/index.php?id=gbook | http://lessonsphp2016.local:81/less2/index.php?id=contact
2017-08-09 | /less2/index.php?id=gbook | http://lessonsphp2016.local:81/less2/index.php?id=contact
2017-08-09 | /less2/index.php?id=gbook | http://lessonsphp2016.local:81/less2/index.php?id=contact
2017-08-09 | /less2/index.php?id=gbook | http://lessonsphp2016.local:81/less2/index.php?id=contact
2017-08-09 | /less2/index.php?id=gbook | http://lessonsphp2016.local:81/less2/index.php?id=gbook
2017-08-09 | /less2/index.php?id=gbook | http://lessonsphp2016.local:81/less2/index.php?id=gbook
2017-08-09 | /less2/index.php?id=gbook | http://lessonsphp2016.local:81/less2/index.php?id=gbook
2017-08-09 | /less2/index.php?id=gbook | http://lessonsphp2016.local:81/less2/index.php?id=gbook
2017-08-09 | /less2/index.php?id=gbook | http://lessonsphp2016.local:81/less2/index.php?id=gbook
2017-08-09 | /less2/index.php?id=gbook | http://lessonsphp2016.local:81/less2/index.php?id=gbook
2017-08-09 | /less2/index.php?id=gbook | http://lessonsphp2016.local:81/less2/index.php?id=gbook
2017-08-10 | /less2/index.php?id=gbook | 
2017-08-10 | /less2/index.php?id=gbook&del=64 | http://lessonsphp2016.local:81/less2/index.php?id=gbook
2017-08-10 | /less2/index.php?id=gbook&del=64 | http://lessonsphp2016.local:81/less2/index.php?id=gbook
2017-08-10 | /less2/index.php?id=gbook&del=64 | http://lessonsphp2016.local:81/less2/index.php?id=gbook
2017-08-10 | /less2/index.php?id=gbook&del=64 | http://lessonsphp2016.local:81/less2/index.php?id=gbook
2017-08-10 | /less2/index.php?id=gbook&del=64 | http://lessonsphp2016.local:81/less2/index.php?id=gbook
2017-08-10 | /less2/index.php?id=gbook&del=64 | http://lessonsphp2016.local:81/less2/index.php?id=gbook
2017-08-10 | /less2/index.php?id=gbook&del=63 | http://lessonsphp2016.local:81/less2/index.php?id=gbook&del=64
2017-08-10 | /less2/index.php?id=gbook&del=62 | http://lessonsphp2016.local:81/less2/index.php?id=gbook&del=63
2017-08-10 | /less2/index.php?id=gbook&del=61 | http://lessonsphp2016.local:81/less2/index.php?id=gbook&del=62
2017-08-10 | /less2/index.php?id=gbook&del=60 | http://lessonsphp2016.local:81/less2/index.php?id=gbook&del=61
2017-08-10 | /less2/index.php?id=gbook&del=60 | http://lessonsphp2016.local:81/less2/index.php?id=gbook&del=61
2017-08-10 | /less2/index.php?id=gbook&del=59 | http://lessonsphp2016.local:81/less2/index.php?id=gbook&del=60
2017-08-10 | /less2/index.php?id=gbook&del=58 | http://lessonsphp2016.local:81/less2/index.php?id=gbook&del=59
2017-08-10 | /less2/index.php?id=gbook&del=58 | http://lessonsphp2016.local:81/less2/index.php?id=gbook&del=59
2017-08-10 | /less2/index.php?id=gbook&del=58 | http://lessonsphp2016.local:81/less2/index.php?id=gbook&del=59
2017-08-10 | /less2/index.php?id=gbook&del=58 | http://lessonsphp2016.local:81/less2/index.php?id=gbook&del=59
2017-08-10 | /less2/index.php?id=gbook&del=58 | http://lessonsphp2016.local:81/less2/index.php?id=gbook&del=59
2017-08-10 | /less2/index.php?id=gbook&del=58 | http://lessonsphp2016.local:81/less2/index.php?id=gbook&del=59
2017-08-10 | /less2/index.php?id=gbook&del=58 | http://lessonsphp2016.local:81/less2/index.php?id=gbook&del=59
2017-08-10 | /less2/index.php?id=gbook&del=58 | http://lessonsphp2016.local:81/less2/index.php?id=gbook&del=59
2017-08-10 | /less2/index.php?id=gbook&del=58 | http://lessonsphp2016.local:81/less2/index.php?id=gbook&del=59
2017-08-10 | /less2/index.php?id=gbook&del=58 | http://lessonsphp2016.local:81/less2/index.php?id=gbook&del=59
2017-08-10 | /less2/index.php?id=gbook&del=58 | http://lessonsphp2016.local:81/less2/index.php?id=gbook&del=59
2017-08-10 | /less2/index.php?id=gbook&del=58 | http://lessonsphp2016.local:81/less2/index.php?id=gbook&del=59
2017-08-10 | /less2/index.php?id=gbook&del=58 | http://lessonsphp2016.local:81/less2/index.php?id=gbook&del=59
2017-08-10 | /less2/index.php?id=gbook&del=58 | http://lessonsphp2016.local:81/less2/index.php?id=gbook&del=59
2017-08-10 | /less2/index.php?id=gbook&del=58 | http://lessonsphp2016.local:81/less2/index.php?id=gbook&del=59
2017-08-10 | /less2/index.php?id=gbook&del=58 | http://lessonsphp2016.local:81/less2/index.php?id=gbook&del=59
2017-08-10 | /less2/index.php?id=gbook&del=58 | http://lessonsphp2016.local:81/less2/index.php?id=gbook&del=59
2017-08-10 | /less2/index.php?id=gbook&del=58 | http://lessonsphp2016.local:81/less2/index.php?id=gbook&del=59
2017-08-10 | /less2/index.php?id=gbook&del=58 | http://lessonsphp2016.local:81/less2/index.php?id=gbook&del=59
2017-08-10 | /less2/index.php?id=gbook&del=58 | http://lessonsphp2016.local:81/less2/index.php?id=gbook&del=59
2017-08-10 | /less2/index.php?id=gbook&del=58 | http://lessonsphp2016.local:81/less2/index.php?id=gbook&del=59
2017-08-10 | /less2/index.php?id=gbook&del=58 | http://lessonsphp2016.local:81/less2/index.php?id=gbook&del=59
2017-08-10 | /less2/index.php?id=gbook&del=58 | http://lessonsphp2016.local:81/less2/index.php?id=gbook&del=59
2017-08-10 | /less2/index.php?id=gbook&del=58 | http://lessonsphp2016.local:81/less2/index.php?id=gbook&del=59
2017-08-10 | /less2/index.php?id=gbook&del=58 | http://lessonsphp2016.local:81/less2/index.php?id=gbook&del=59
2017-08-10 | /less2/index.php?id=gbook&del=58 | http://lessonsphp2016.local:81/less2/index.php?id=gbook&del=59
2017-08-10 | /less2/index.php?id=gbook&del=58 | http://lessonsphp2016.local:81/less2/index.php?id=gbook&del=59
2017-08-10 | /less2/index.php?id=gbook&del=58 | http://lessonsphp2016.local:81/less2/index.php?id=gbook&del=59
2017-08-10 | /less2/index.php?id=gbook&del=58 | http://lessonsphp2016.local:81/less2/index.php?id=gbook&del=59
2017-08-10 | /less2/index.php?id=gbook&del=58 | http://lessonsphp2016.local:81/less2/index.php?id=gbook&del=59
2017-08-10 | /less2/index.php?id=gbook&del=58 | http://lessonsphp2016.local:81/less2/index.php?id=gbook&del=59
2017-08-10 | /less2/index.php?id=gbook&del=58 | http://lessonsphp2016.local:81/less2/index.php?id=gbook&del=59
2017-08-10 | /less2/index.php?id=gbook&del=58 | http://lessonsphp2016.local:81/less2/index.php?id=gbook&del=59
2017-08-10 | /less2/index.php?id=gbook&del=58 | http://lessonsphp2016.local:81/less2/index.php?id=gbook&del=59
2017-08-10 | /less2/index.php?id=gbook&del=58 | http://lessonsphp2016.local:81/less2/index.php?id=gbook&del=59
2017-08-10 | /less2/index.php?id=gbook&del=58 | http://lessonsphp2016.local:81/less2/index.php?id=gbook&del=59
2017-08-10 | /less2/index.php?id=gbook&del=66 | http://lessonsphp2016.local:81/less2/index.php?id=gbook&del=58
2017-08-10 | /less2/index.php?id=gbook&del=66 | http://lessonsphp2016.local:81/less2/index.php?id=gbook&del=58
2017-08-10 | /less2/index.php?id=gbook&del=66 | http://lessonsphp2016.local:81/less2/index.php?id=gbook&del=58
2017-08-10 | /less2/index.php?id=gbook&del=66 | http://lessonsphp2016.local:81/less2/index.php?id=gbook&del=58
2017-08-10 | /less2/index.php?id=gbook&del=66 | http://lessonsphp2016.local:81/less2/index.php?id=gbook&del=58
2017-08-10 | /less2/index.php?id=gbook&del=66 | http://lessonsphp2016.local:81/less2/index.php?id=gbook&del=58
2017-08-10 | /less2/index.php?id=gbook&del=66 | http://lessonsphp2016.local:81/less2/index.php?id=gbook&del=58
2017-08-10 | /less2/index.php?id=gbook&del=66 | http://lessonsphp2016.local:81/less2/index.php?id=gbook&del=58
2017-08-10 | /less2/index.php?id=gbook&del=66 | http://lessonsphp2016.local:81/less2/index.php?id=gbook&del=58
2017-08-10 | /less2/index.php?id=gbook&del=66 | http://lessonsphp2016.local:81/less2/index.php?id=gbook&del=58
2017-08-10 | /less2/index.php?id=gbook&del=66 | http://lessonsphp2016.local:81/less2/index.php?id=gbook&del=58
2017-08-10 | /less2/index.php?id=gbook&del=66 | http://lessonsphp2016.local:81/less2/index.php?id=gbook&del=58
2017-08-10 | /less2/index.php?id=gbook&del=66 | http://lessonsphp2016.local:81/less2/index.php?id=gbook&del=58
2017-08-10 | /less2/index.php?id=gbook | 
2017-08-10 | /less2/index.php?id=gbook&del=65 | http://lessonsphp2016.local:81/less2/index.php?id=gbook
2017-08-10 | /less2/index.php?id=gbook | 
2017-08-10 | /less2/index.php?id=gbook&del=8 | http://lessonsphp2016.local:81/less2/index.php?id=gbook
2017-08-10 | /less2/index.php?id=gbook&del=8 | http://lessonsphp2016.local:81/less2/index.php?id=gbook
2017-08-10 | /less2/index.php?id=gbook&del=8 | http://lessonsphp2016.local:81/less2/index.php?id=gbook
2017-08-10 | /less2/index.php?id=gbook&del=8 | http://lessonsphp2016.local:81/less2/index.php?id=gbook
2017-08-10 | /less2/index.php?id=gbook&del=7 | http://lessonsphp2016.local:81/less2/index.php?id=gbook&del=8
2017-08-10 | /less2/index.php?id=gbook&del=7 | http://lessonsphp2016.local:81/less2/index.php?id=gbook&del=8
2017-08-10 | /less2/index.php?id=gbook&del=6 | http://lessonsphp2016.local:81/less2/index.php?id=gbook&del=7
2017-08-10 | /less2/index.php?id=gbook&del=6 | http://lessonsphp2016.local:81/less2/index.php?id=gbook&del=7
2017-08-10 | /less2/index.php?id=gbook&del=6 | http://lessonsphp2016.local:81/less2/index.php?id=gbook&del=7
2017-08-10 | /less2/index.php?id=gbook&del=6 | http://lessonsphp2016.local:81/less2/index.php?id=gbook&del=7
2017-08-10 | /less2/index.php?id=gbook&del=6 | http://lessonsphp2016.local:81/less2/index.php?id=gbook&del=7
2017-08-10 | /less2/index.php?id=gbook&del=6 | http://lessonsphp2016.local:81/less2/index.php?id=gbook&del=7
2017-08-10 | /less2/index.php?id=gbook | 
2017-08-10 | /less2/index.php?id=gbook | 
2017-08-10 | /less2/index.php?id=gbook&del=5 | http://lessonsphp2016.local:81/less2/index.php?id=gbook
2017-08-10 | /less2/index.php?id=gbook&del=5 | http://lessonsphp2016.local:81/less2/index.php?id=gbook
2017-08-10 | /less2/index.php?id=gbook&del=5 | http://lessonsphp2016.local:81/less2/index.php?id=gbook
2017-08-10 | /less2/index.php?id=gbook&del=5 | http://lessonsphp2016.local:81/less2/index.php?id=gbook
2017-08-10 | /less2/index.php?id=gbook&del=5 | http://lessonsphp2016.local:81/less2/index.php?id=gbook
2017-08-10 | /less2/index.php?id=gbook | 
2017-08-10 | /less2/index.php?id=gbook&del=4 | http://lessonsphp2016.local:81/less2/index.php?id=gbook
2017-08-10 | /less2/index.php?id=gbook&del=4 | http://lessonsphp2016.local:81/less2/index.php?id=gbook
2017-08-10 | /less2/index.php?id=gbook&del=4 | http://lessonsphp2016.local:81/less2/index.php?id=gbook
2017-08-10 | /less2/index.php?id=gbook | 
2017-08-10 | /less2/index.php?id=gbook | 
2017-08-10 | /less2/index.php?id=gbook&del=3 | http://lessonsphp2016.local:81/less2/index.php?id=gbook
2017-08-10 | /less2/index.php?id=gbook | 
2017-08-10 | /less2/index.php?id=gbook | 
2017-08-10 | /less2/index.php?id=gbook&del=2 | http://lessonsphp2016.local:81/less2/index.php?id=gbook
2017-08-10 | /less2/index.php?id=gbook&del=2 | http://lessonsphp2016.local:81/less2/index.php?id=gbook
2017-08-10 | /less2/index.php?id=gbook | http://lessonsphp2016.local:81/less2/index.php?id=gbook
2017-08-10 | /less2/index.php?id=gbook | http://lessonsphp2016.local:81/less2/index.php?id=gbook
2017-08-10 | /less2/index.php?id=gbook&del=5 | http://lessonsphp2016.local:81/less2/index.php?id=gbook
2017-08-10 | /less2/index.php?id=gbook | http://lessonsphp2016.local:81/less2/index.php?id=gbook
2017-08-10 | /less2/index.php?id=gbook | http://lessonsphp2016.local:81/less2/index.php?id=gbook
2017-08-10 | /less2/index.php | 
2017-08-10 | /less2/index.php | 
2017-08-10 | /less2/index.php?id=gbook | http://lessonsphp2016.local:81/less2/index.php
2017-08-10 | /less2/index.php?id=gbook | http://lessonsphp2016.local:81/less2/index.php?id=gbook
2017-08-10 | /less2/index.php?id=gbook | http://lessonsphp2016.local:81/less2/index.php?id=gbook
2017-08-10 | /less2/index.php?id=gbook | http://lessonsphp2016.local:81/less2/index.php?id=gbook
2017-08-10 | /less2/index.php?id=gbook&del=69 | http://lessonsphp2016.local:81/less2/index.php?id=gbook
2017-08-10 | /less2/index.php?id=gbook&del=69 | http://lessonsphp2016.local:81/less2/index.php?id=gbook
2017-08-10 | /less2/index.php?id=gbook&del=68 | http://lessonsphp2016.local:81/less2/index.php?id=gbook&del=69
2017-08-10 | /less2/index.php?id=gbook&del=67 | http://lessonsphp2016.local:81/less2/index.php?id=gbook&del=68
2017-08-10 | /less2/index.php?id=gbook&del=67 | http://lessonsphp2016.local:81/less2/index.php?id=gbook&del=68
2017-08-10 | /less2/index.php?id=gbook&del=67 | http://lessonsphp2016.local:81/less2/index.php?id=gbook&del=68
2017-08-10 | /less2/index.php?id=gbook&del=67 | http://lessonsphp2016.local:81/less2/index.php?id=gbook&del=68
2017-08-10 | /less2/index.php?id=gbook&del=67 | http://lessonsphp2016.local:81/less2/index.php?id=gbook&del=68
2017-08-10 | /less2/index.php?id=gbook&del=67 | http://lessonsphp2016.local:81/less2/index.php?id=gbook&del=67
2017-08-10 | /less2/index.php?id=gbook&del=67 | http://lessonsphp2016.local:81/less2/index.php?id=gbook&del=67
2017-08-10 | /less2/index.php?id=gbook | 
2017-08-10 | /less2/index.php?id=gbook | http://lessonsphp2016.local:81/less2/index.php?id=gbook
2017-08-10 | /less2/index.php?id=gbook | http://lessonsphp2016.local:81/less2/index.php?id=gbook
2017-08-10 | /less2/index.php?id=gbook | http://lessonsphp2016.local:81/less2/index.php?id=gbook
2017-08-10 | /less2/index.php?id=gbook&del=74 | http://lessonsphp2016.local:81/less2/index.php?id=gbook
2017-08-10 | /less2/index.php?id=gbook&del=73 | http://lessonsphp2016.local:81/less2/index.php?id=gbook&del=74
2017-08-10 | /less2/index.php?id=gbook&del=72 | http://lessonsphp2016.local:81/less2/index.php?id=gbook&del=73
2017-08-10 | /less2/ | http://lessonsphp2016.local:81/
2017-08-10 | /less2/index.php?id=gbook | http://lessonsphp2016.local:81/less2/
2017-08-10 | /less2/index.php?id=gbook&del=71 | http://lessonsphp2016.local:81/less2/index.php?id=gbook
2017-08-10 | /less2/index.php?id=gbook&del=71 | http://lessonsphp2016.local:81/less2/index.php?id=gbook
2017-08-10 | /less2/index.php?id=gbook&del=71 | http://lessonsphp2016.local:81/less2/index.php?id=gbook
2017-08-10 | /less2/index.php?id=gbook&del=71 | http://lessonsphp2016.local:81/less2/index.php?id=gbook
2017-08-10 | /less2/index.php?id=gbook&del=71 | http://lessonsphp2016.local:81/less2/index.php?id=gbook
2017-08-10 | /less2/index.php?id=gbook&del=71 | http://lessonsphp2016.local:81/less2/index.php?id=gbook
2017-08-10 | /less2/index.php?id=gbook&del=71 | http://lessonsphp2016.local:81/less2/index.php?id=gbook
2017-08-10 | /less2/index.php?id=gbook | 
2017-08-10 | /less2/index.php?id=gbook&del=70 | http://lessonsphp2016.local:81/less2/index.php?id=gbook
2017-08-10 | /less2/index.php?id=gbook&del=70 | http://lessonsphp2016.local:81/less2/index.php?id=gbook&del=70
2017-08-10 | /less2/index.php?id=gbook&del=70 | http://lessonsphp2016.local:81/less2/index.php?id=gbook&del=70
2017-08-10 | /less2/index.php?id=gbook&del=70 | http://lessonsphp2016.local:81/less2/index.php?id=gbook&del=70
2017-08-10 | /less2/index.php?id=gbook | 
2017-08-10 | /less2/index.php?id=gbook&del=77 | http://lessonsphp2016.local:81/less2/index.php?id=gbook
2017-08-10 | /less2/index.php?id=gbook&del=77 | http://lessonsphp2016.local:81/less2/index.php?id=gbook
2017-08-10 | /less2/index.php?id=gbook&del=77 | http://lessonsphp2016.local:81/less2/index.php?id=gbook
2017-08-10 | /less2/index.php?id=gbook&del=76 | http://lessonsphp2016.local:81/less2/index.php?id=gbook&del=77
2017-08-10 | /less2/index.php?id=gbook&del=76 | http://lessonsphp2016.local:81/less2/index.php?id=gbook&del=77
2017-08-10 | /less2/index.php?id=gbook&del=76 | http://lessonsphp2016.local:81/less2/index.php?id=gbook&del=77
2017-08-10 | /less2/index.php?id=gbook | http://lessonsphp2016.local:81/less2/index.php?id=gbook&del=76
2017-08-10 | /less2/index.php?id=gbook | http://lessonsphp2016.local:81/less2/index.php?id=gbook
2017-08-10 | /less2/index.php?id=gbook | http://lessonsphp2016.local:81/less2/index.php?id=gbook
2017-08-10 | /less2/index.php?id=gbook | http://lessonsphp2016.local:81/less2/index.php?id=gbook
2017-08-10 | /less2/index.php?id=gbook | http://lessonsphp2016.local:81/less2/index.php?id=gbook
2017-08-10 | /less2/index.php?id=gbook | http://lessonsphp2016.local:81/less2/index.php?id=gbook
2017-08-10 | /less2/index.php?id=gbook | http://lessonsphp2016.local:81/less2/index.php?id=gbook
2017-08-10 | /less2/index.php | http://lessonsphp2016.local:81/less2/index.php?id=gbook
2017-08-10 | /less2/index.php?id=contact | http://lessonsphp2016.local:81/less2/index.php
2017-08-10 | /less2/index.php?id=gbook | http://lessonsphp2016.local:81/less2/index.php?id=contact
2017-08-10 | /less2/index.php?id=contact | http://lessonsphp2016.local:81/less2/index.php?id=gbook
2017-08-10 | /less2/index.php?id=gbook | http://lessonsphp2016.local:81/less2/index.php?id=contact
2017-08-10 | /less2/index.php?id=gbook | http://lessonsphp2016.local:81/less2/index.php?id=gbook
2017-08-10 | /less2/index.php?id=gbook | http://lessonsphp2016.local:81/less2/index.php?id=gbook
2017-08-10 | /less2/index.php?id=gbook | http://lessonsphp2016.local:81/less2/index.php?id=gbook
2017-08-10 | /less2/index.php?id=gbook | http://lessonsphp2016.local:81/less2/index.php?id=gbook
2017-08-10 | /less2/index.php?id=gbook | http://lessonsphp2016.local:81/less2/index.php?id=gbook
2017-08-10 | /less2/index.php?id=gbook&del=6 | http://lessonsphp2016.local:81/less2/index.php?id=gbook
2017-08-10 | /less2/index.php?id=gbook&del=8 | http://lessonsphp2016.local:81/less2/index.php?id=gbook&del=6
2017-08-10 | /less2/index.php?id=gbook&del=7 | http://lessonsphp2016.local:81/less2/index.php?id=gbook&del=8
2017-08-10 | /less2/index.php?id=gbook&del=7 | http://lessonsphp2016.local:81/less2/index.php?id=gbook&del=7
2017-08-11 | /less2/ | 
2017-08-11 | /less2/ | 
2017-08-11 | /less2/ | http://lessonsphp2016.local:81/
2017-08-11 | /less2/ | 
2017-08-12 | /less2/ | 
2017-08-12 | /less2/ | 
2017-08-12 | /less2/ | http://lessonsphp2016.local:81/
2017-08-13 | /less2/ | http://lessonsphp2016.local:81/
2017-08-13 | /less2/ | http://lessonsphp2016.local:81/
2017-08-13 | /less2/ | http://lessonsphp2016.local:81/
2017-08-13 | /less2/index.php?id=gbook | http://lessonsphp2016.local:81/less2/
2017-08-13 | /less2/index.php?id=info | http://lessonsphp2016.local:81/less2/
2017-08-13 | /less2/index.php?id=gbook | http://lessonsphp2016.local:81/less2/
2017-08-13 | /less2/ | http://lessonsphp2016.local:81/
2017-08-13 | /less2/ | http://lessonsphp2016.local:81/
2017-08-13 | /less2/ | http://lessonsphp2016.local:81/
2017-08-13 | /less2/ | 
2017-08-13 | /less2/ | http://lessonsphp2016.local:81/
2017-08-13 | /less2/index.php?id=log | http://lessonsphp2016.local:81/less2/
2017-08-13 | /less2/ | http://lessonsphp2016.local:81/
2017-08-13 | /less2/ | http://lessonsphp2016.local:81/
2017-08-13 | /less2/ | http://lessonsphp2016.local:81/
2017-08-13 | /less2/ | http://lessonsphp2016.local:81/
2017-08-13 | /less2/ | http://lessonsphp2016.local:81/
2017-08-13 | /less2/ | 
2017-08-13 | /less2/ | 
2017-08-13 | /less2/ | 
2017-08-13 | /less2/ | 
2017-08-13 | /less2/ | 
2017-08-13 | /less2/ | 
2017-08-13 | /less2/ | 
2017-08-13 | /less2/ | 
2017-08-13 | /less2/index.php | http://lessonsphp2016.local:81/less2/
2017-08-13 | /less2/index.php?id=contact | http://lessonsphp2016.local:81/less2/index.php
2017-08-13 | /less2/index.php?id=contact | http://lessonsphp2016.local:81/less2/index.php?id=contact
2017-08-13 | /less2/index.php?id=info | http://lessonsphp2016.local:81/less2/index.php?id=contact
2017-08-13 | /less2/ | http://lessonsphp2016.local:81/
2017-08-13 | /less2/index.php?id=log | http://lessonsphp2016.local:81/less2/
2017-08-13 | /less2/ | 
2017-08-13 | /less2/ | 
2017-08-13 | /less2/ | http://lessonsphp2016.local:81/
2017-08-14 | /less2/ | http://lessonsphp2016.local:81/
2017-08-14 | /less2/ | http://lessonsphp2016.local:81/
2017-08-14 | /less2/index.php?id=gbook | http://lessonsphp2016.local:81/less2/
2017-08-14 | /less2/index.php?id=gbook | http://lessonsphp2016.local:81/less2/
2017-08-14 | /less2/index.php?id=gbook | http://lessonsphp2016.local:81/less2/
2017-08-14 | /less2/index.php?id=gbook | http://lessonsphp2016.local:81/less2/
2017-08-14 | /less2/index.php?id=gbook | http://lessonsphp2016.local:81/less2/
2017-08-14 | /less2/index.php?id=gbook | http://lessonsphp2016.local:81/less2/
2017-08-14 | /less2/index.php?id=gbook | http://lessonsphp2016.local:81/less2/
2017-08-14 | /less2/index.php?id=gbook | http://lessonsphp2016.local:81/less2/index.php?id=gbook
2017-08-14 | /less2/index.php?id=gbook | http://lessonsphp2016.local:81/less2/index.php?id=gbook
2017-08-14 | /less2/index.php?id=gbook&del=179 | http://lessonsphp2016.local:81/less2/index.php?id=gbook
2017-08-14 | /less2/index.php?id=gbook&del=182 | http://lessonsphp2016.local:81/less2/index.php?id=gbook&del=179
2017-08-14 | /less2/index.php?id=gbook&del=182 | http://lessonsphp2016.local:81/less2/index.php?id=gbook&del=182
2017-08-14 | /less2/index.php?id=gbook&del=182 | http://lessonsphp2016.local:81/less2/index.php?id=gbook&del=182
2017-08-14 | /less2/index.php?id=gbook&del=182 | http://lessonsphp2016.local:81/less2/index.php?id=gbook&del=182
2017-08-14 | /less2/index.php?id=gbook&del=182 | http://lessonsphp2016.local:81/less2/index.php?id=gbook&del=182
2017-08-14 | /less2/index.php?id=gbook&del=182 | http://lessonsphp2016.local:81/less2/index.php?id=gbook&del=182
2017-08-14 | /less2/index.php?id=gbook&del=182 | http://lessonsphp2016.local:81/less2/index.php?id=gbook&del=182
2017-08-14 | /less2/index.php?id=gbook&del=182 | http://lessonsphp2016.local:81/less2/index.php?id=gbook&del=182
2017-08-14 | /less2/index.php?id=gbook&del=182 | http://lessonsphp2016.local:81/less2/index.php?id=gbook&del=182
2017-08-14 | /less2/index.php?id=gbook&del=182 | http://lessonsphp2016.local:81/less2/index.php?id=gbook&del=182
2017-08-14 | /less2/index.php?id=gbook | http://lessonsphp2016.local:81/less2/index.php?id=gbook&del=182
2017-08-14 | /less2/index.php?id=gbook | http://lessonsphp2016.local:81/less2/index.php?id=gbook&del=182
2017-08-14 | /less2/index.php?id=gbook | http://lessonsphp2016.local:81/less2/index.php?id=gbook
2017-08-14 | /less2/index.php?id=gbook&del=192 | http://lessonsphp2016.local:81/less2/index.php?id=gbook
2017-08-14 | /less2/index.php?id=gbook&del=191 | http://lessonsphp2016.local:81/less2/index.php?id=gbook&del=192
2017-08-14 | /less2/index.php?id=gbook&del=190 | http://lessonsphp2016.local:81/less2/index.php?id=gbook&del=191
2017-08-14 | /less2/index.php?id=gbook&del=189 | http://lessonsphp2016.local:81/less2/index.php?id=gbook&del=190
2017-08-14 | /less2/index.php?id=gbook&del=188 | http://lessonsphp2016.local:81/less2/index.php?id=gbook&del=189
2017-08-14 | /less2/index.php?id=gbook&del=187 | http://lessonsphp2016.local:81/less2/index.php?id=gbook&del=188
2017-08-14 | /less2/index.php?id=gbook&del=186 | http://lessonsphp2016.local:81/less2/index.php?id=gbook&del=187
2017-08-14 | /less2/index.php?id=gbook&del=185 | http://lessonsphp2016.local:81/less2/index.php?id=gbook&del=186
2017-08-14 | /less2/index.php?id=gbook&del=184 | http://lessonsphp2016.local:81/less2/index.php?id=gbook&del=185
2017-08-14 | /less2/index.php?id=gbook&del=183 | http://lessonsphp2016.local:81/less2/index.php?id=gbook&del=184
2017-08-14 | /less2/index.php?id=gbook&del=181 | http://lessonsphp2016.local:81/less2/index.php?id=gbook&del=183
2017-08-14 | /less2/index.php?id=gbook&del=181 | http://lessonsphp2016.local:81/less2/index.php?id=gbook&del=183
2017-08-14 | /less2/index.php?id=gbook&del=180 | http://lessonsphp2016.local:81/less2/index.php?id=gbook&del=181
2017-08-14 | /less2/index.php?id=gbook&del=18 | http://lessonsphp2016.local:81/less2/index.php?id=gbook&del=180
2017-08-14 | /less2/index.php?id=gbook&del=18 | http://lessonsphp2016.local:81/less2/index.php?id=gbook&del=180
2017-08-14 | /less2/index.php?id=gbook&del=17 | http://lessonsphp2016.local:81/less2/index.php?id=gbook&del=18
2017-08-14 | /less2/ | http://lessonsphp2016.local:81/
2017-08-14 | /less2/ | http://lessonsphp2016.local:81/
2017-08-14 | /less2/ | http://lessonsphp2016.local:81/
2017-08-14 | /less2/ | http://lessonsphp2016.local:81/
2017-08-14 | /less2/index.php?id=gbook | http://lessonsphp2016.local:81/less2/
2017-08-14 | /less2/ | http://lessonsphp2016.local:81/
2017-08-14 | /less2/ | http://lessonsphp2016.local:81/
2017-08-14 | /less2/ | 
2017-08-14 | /less2/ | 
2017-08-14 | /less2/ | http://lessonsphp2016.local:81/
2017-08-14 | /less2/ | 
2017-08-14 | /less2/index.php?id=gbook | http://lessonsphp2016.local:81/less2/
2017-08-14 | /less2/ | 
2017-08-14 | /less2/index.php?id=log | http://lessonsphp2016.local:81/less2/
2017-08-14 | /less2/index.php?id=info | http://lessonsphp2016.local:81/less2/index.php?id=log
2017-08-14 | /less2/index.php | http://lessonsphp2016.local:81/less2/test/index.php
2017-08-14 | /less2/index.php | http://lessonsphp2016.local:81/less2/test/index.php
2017-08-30 | /less2/ | 
2017-08-30 | /less2/index.php | http://lessonsphp2016.local/less2/
